
ex-1-13.elf:     file format elf32-littlearm


Disassembly of section .text:

20000000 <start>:

start:
	ldr	r6,=0x55555555
20000000:	4e04      	ldr	r6, [pc, #16]	; (20000014 <main+0xa>)
	ldr	r5,=0x40020c00
20000002:	4d05      	ldr	r5, [pc, #20]	; (20000018 <main+0xe>)
	str	r6,[r5]
20000004:	602e      	str	r6, [r5, #0]

	ldr	r5,=0x40020c14
20000006:	4d05      	ldr	r5, [pc, #20]	; (2000001c <main+0x12>)
	ldr	r6,=0x40021010
20000008:	4e05      	ldr	r6, [pc, #20]	; (20000020 <main+0x16>)

2000000a <main>:
main:
	ldrb	r0,[r6]
2000000a:	7830      	ldrb	r0, [r6, #0]
	ldrb	r1,[r6,#1]
2000000c:	7871      	ldrb	r1, [r6, #1]
	neg	r0,r0
2000000e:	4240      	negs	r0, r0
	strb	r0,[r5]
20000010:	7028      	strb	r0, [r5, #0]
	b	main
20000012:	e7fa      	b.n	2000000a <main>
20000014:	55555555 	.word	0x55555555
20000018:	40020c00 	.word	0x40020c00
2000001c:	40020c14 	.word	0x40020c14
20000020:	40021010 	.word	0x40021010

20000024 <__bss_end__>:
	...

20001000 <heap_low>:
	...

20001800 <heap_top>:
	...