
ex1-12.elf:     file format elf32-littlearm


Disassembly of section .text:

20000000 <start>:

start:
	ldr	r6,=0x55555555
20000000:	4e05      	ldr	r6, [pc, #20]	; (20000018 <main+0xe>)
	ldr	r5,=0x40020c00
20000002:	4d06      	ldr	r5, [pc, #24]	; (2000001c <main+0x12>)
	str	r6,[r5]
20000004:	602e      	str	r6, [r5, #0]

	ldr	r5,=0x40020c14
20000006:	4d06      	ldr	r5, [pc, #24]	; (20000020 <main+0x16>)
	ldr	r6,=0x40021010
20000008:	4e06      	ldr	r6, [pc, #24]	; (20000024 <main+0x1a>)

2000000a <main>:
main:
	ldrb	r0,[r6]
2000000a:	7830      	ldrb	r0, [r6, #0]
	sxtb	r0,r0
2000000c:	b240      	sxtb	r0, r0
	ldrb	r1,[r6,#1]
2000000e:	7871      	ldrb	r1, [r6, #1]
	sxtb	r1,r1
20000010:	b249      	sxtb	r1, r1
	add	r0,r0,r1
20000012:	1840      	adds	r0, r0, r1
	strh	r0,[r5]
20000014:	8028      	strh	r0, [r5, #0]
	b	main
20000016:	e7f8      	b.n	2000000a <main>
20000018:	55555555 	.word	0x55555555
2000001c:	40020c00 	.word	0x40020c00
20000020:	40020c14 	.word	0x40020c14
20000024:	40021010 	.word	0x40021010

20000028 <__bss_end__>:
	...

20001000 <heap_low>:
	...

20001800 <heap_top>:
	...