
ex1-8.elf:     file format elf32-littlearm


Disassembly of section .text:

20000000 <main>:

main:
	ldr	r0,=j
20000000:	4842      	ldr	r0, [pc, #264]	; (2000010c <j+0x4>)
	ldr	r0,[r0]
20000002:	6800      	ldr	r0, [r0, #0]
	ldr	r1,=cvec
20000004:	4942      	ldr	r1, [pc, #264]	; (20000110 <j+0x8>)
	ldrsb	r0,[r1,r0]
20000006:	5608      	ldrsb	r0, [r1, r0]
	ldr	r1,=i
20000008:	4942      	ldr	r1, [pc, #264]	; (20000114 <j+0xc>)
	ldr	r1,[r1]
2000000a:	6809      	ldr	r1, [r1, #0]
	lsl	r1,r1
2000000c:	4089      	lsls	r1, r1
	ldr	r2,=svec
2000000e:	4a42      	ldr	r2, [pc, #264]	; (20000118 <j+0x10>)
	strh	r0,[r2,r1]
20000010:	5250      	strh	r0, [r2, r1]
	b	main
20000012:	e7f5      	b.n	20000000 <main>

20000014 <cvec>:
	...

20000054 <svec>:
	...

20000104 <i>:
20000104:	00000000 	.word	0x00000000

20000108 <j>:
20000108:	00000000 	.word	0x00000000
2000010c:	20000108 	.word	0x20000108
20000110:	20000014 	.word	0x20000014
20000114:	20000104 	.word	0x20000104
20000118:	20000054 	.word	0x20000054

2000011c <__bss_end__>:
	...

20001000 <heap_low>:
	...

20001800 <heap_top>:
	...