
ex1-9.elf:     file format elf32-littlearm


Disassembly of section .text:

20000000 <main>:

main:
	ldr	r0,=i
20000000:	487c      	ldr	r0, [pc, #496]	; (200001f4 <i+0x4>)
	ldr	r0,[r0]
20000002:	6800      	ldr	r0, [r0, #0]
	lsl	r0,r0,#2
20000004:	0080      	lsls	r0, r0, #2
	ldr	r1,=ivec
20000006:	497c      	ldr	r1, [pc, #496]	; (200001f8 <i+0x8>)
	ldr	r0,[r1,r0]
20000008:	5808      	ldr	r0, [r1, r0]
	ldr	r2,=svec
2000000a:	4a7c      	ldr	r2, [pc, #496]	; (200001fc <i+0xc>)
	strh	r0,[r2,#24]
2000000c:	8310      	strh	r0, [r2, #24]
	b	main
2000000e:	e7f7      	b.n	20000000 <main>

20000010 <ivec>:
	...

20000110 <svec>:
	...

200001f0 <i>:
200001f0:	00000000 	.word	0x00000000
200001f4:	200001f0 	.word	0x200001f0
200001f8:	20000010 	.word	0x20000010
200001fc:	20000110 	.word	0x20000110

20000200 <__bss_end__>:
	...

20001000 <heap_low>:
	...

20001800 <heap_top>:
	...