
ex1-11.elf:     file format elf32-littlearm


Disassembly of section .text:

20000000 <i-0x18>:

	ldr	r0,=i
20000000:	4808      	ldr	r0, [pc, #32]	; (20000024 <k+0x4>)
	ldr	r0,[r0]
20000002:	6800      	ldr	r0, [r0, #0]
	ldr	r1,=j
20000004:	4908      	ldr	r1, [pc, #32]	; (20000028 <k+0x8>)
	ldr	r1,[r1]
20000006:	6809      	ldr	r1, [r1, #0]
	ldr	r2,=k
20000008:	4a08      	ldr	r2, [pc, #32]	; (2000002c <k+0xc>)
	ldr	r2,[r2]
2000000a:	6812      	ldr	r2, [r2, #0]
	neg	r0,r0
2000000c:	4240      	negs	r0, r0
	neg	r2,r2
2000000e:	4252      	negs	r2, r2
	add	r2,#1
20000010:	3201      	adds	r2, #1
	add	r0,r0,r2
20000012:	1880      	adds	r0, r0, r2
	add	r1,#2
20000014:	3102      	adds	r1, #2
	sub	r0,r0,r1
20000016:	1a40      	subs	r0, r0, r1

20000018 <i>:
20000018:	00000001 	.word	0x00000001

2000001c <j>:
2000001c:	00000002 	.word	0x00000002

20000020 <k>:
20000020:	00000003 	.word	0x00000003
20000024:	20000018 	.word	0x20000018
20000028:	2000001c 	.word	0x2000001c
2000002c:	20000020 	.word	0x20000020

20000030 <__bss_end__>:
	...

20001000 <heap_low>:
	...

20001800 <heap_top>:
	...