
ex1-7.elf:     file format elf32-littlearm


Disassembly of section .text:

20000000 <main>:

main:
	ldr	r0,=i
20000000:	4848      	ldr	r0, [pc, #288]	; (20000124 <i+0x4>)
	ldr	r0,[r0]
20000002:	6800      	ldr	r0, [r0, #0]
	lsl	r1,r0
20000004:	4081      	lsls	r1, r0
	ldr	r2,=usvec
20000006:	4a48      	ldr	r2, [pc, #288]	; (20000128 <i+0x8>)
	ldrh	r0,[r1,r2]
20000008:	5a88      	ldrh	r0, [r1, r2]
	ldr	r2,=svec
2000000a:	4a48      	ldr	r2, [pc, #288]	; (2000012c <i+0xc>)
	strh	r0,[r2,#28]
2000000c:	8390      	strh	r0, [r2, #28]
2000000e:	46c0      	nop			; (mov r8, r8)

20000010 <usvec>:
	...

20000090 <svec>:
	...

20000120 <i>:
20000120:	00000000 	.word	0x00000000
20000124:	20000120 	.word	0x20000120
20000128:	20000010 	.word	0x20000010
2000012c:	20000090 	.word	0x20000090

20000130 <__bss_end__>:
	...

20001000 <heap_low>:
	...

20001800 <heap_top>:
	...